TN:
SF:src\index.ts
FN:22,(anonymous_0)
FN:36,(anonymous_1)
FN:50,(anonymous_2)
FN:59,(anonymous_3)
FN:71,(anonymous_4)
FN:83,(anonymous_5)
FN:93,(anonymous_6)
FN:102,(anonymous_7)
FN:111,(anonymous_8)
FN:120,(anonymous_9)
FN:134,(anonymous_10)
FN:166,(anonymous_11)
FN:179,(anonymous_12)
FN:190,(anonymous_13)
FN:192,(anonymous_14)
FN:204,(anonymous_15)
FN:214,(anonymous_16)
FNF:17
FNH:17
FNDA:18,(anonymous_0)
FNDA:3,(anonymous_1)
FNDA:2,(anonymous_2)
FNDA:3,(anonymous_3)
FNDA:24,(anonymous_4)
FNDA:4,(anonymous_5)
FNDA:2,(anonymous_6)
FNDA:2,(anonymous_7)
FNDA:4,(anonymous_8)
FNDA:18,(anonymous_9)
FNDA:2,(anonymous_10)
FNDA:2,(anonymous_11)
FNDA:1,(anonymous_12)
FNDA:1,(anonymous_13)
FNDA:16,(anonymous_14)
FNDA:2,(anonymous_15)
FNDA:2,(anonymous_16)
DA:1,1
DA:2,1
DA:3,256
DA:6,1
DA:7,1
DA:8,1
DA:9,1
DA:13,18
DA:14,18
DA:23,18
DA:24,18
DA:25,18
DA:26,9
DA:27,9
DA:37,3
DA:51,2
DA:60,3
DA:61,2
DA:63,1
DA:72,24
DA:73,19
DA:75,5
DA:84,4
DA:94,2
DA:103,2
DA:112,4
DA:121,18
DA:122,5
DA:125,13
DA:135,2
DA:136,2
DA:167,2
DA:168,2
DA:180,1
DA:181,1
DA:182,1
DA:191,1
DA:192,1
DA:193,16
DA:195,1
DA:196,1
DA:205,2
DA:206,2
DA:216,2
LF:44
LH:44
BRDA:25,0,0,9
BRDA:25,0,1,9
BRDA:60,1,0,2
BRDA:60,1,1,1
BRDA:72,2,0,19
BRDA:72,2,1,5
BRDA:94,3,0,2
BRDA:94,3,1,2
BRDA:94,3,2,2
BRDA:103,4,0,2
BRDA:103,4,1,0
BRDA:103,5,0,2
BRDA:103,5,1,2
BRDA:112,6,0,4
BRDA:112,6,1,0
BRDA:112,7,0,4
BRDA:112,7,1,4
BRDA:121,8,0,5
BRDA:121,8,1,13
BRDA:121,9,0,18
BRDA:121,9,1,13
BRDA:169,10,0,1
BRDA:169,10,1,1
BRDA:168,11,0,2
BRDA:168,11,1,2
BRDA:169,12,0,1
BRDA:169,12,1,0
BRDA:216,13,0,2
BRDA:216,13,1,2
BRF:29
BRH:26
end_of_record
